This is pdfTeX, Version 3.141592653-2.6-1.40.22 (MiKTeX 21.2) (preloaded format=pdflatex 2021.3.15)  7 JUN 2022 20:15
entering extended mode
**./main.tex
(main.tex
LaTeX2e <2020-10-01> patch level 4
L3 programming layer <2021-02-18> xparse <2020-03-03>
(C:\Users\Gabriele\AppData\Local\Programs\MiKTeX\tex/latex/base\book.cls
Document Class: book 2020/04/10 v1.4m Standard LaTeX document class
(C:\Users\Gabriele\AppData\Local\Programs\MiKTeX\tex/latex/base\bk12.clo
File: bk12.clo 2020/04/10 v1.4m Standard LaTeX file (size option)
)
\c@part=\count179
\c@chapter=\count180
\c@section=\count181
\c@subsection=\count182
\c@subsubsection=\count183
\c@paragraph=\count184
\c@subparagraph=\count185
\c@figure=\count186
\c@table=\count187
\abovecaptionskip=\skip47
\belowcaptionskip=\skip48
\bibindent=\dimen138
)
(C:\Users\Gabriele\AppData\Local\Programs\MiKTeX\tex/latex/base\inputenc.sty
Package: inputenc 2020/08/01 v1.3d Input encoding file
\inpenc@prehook=\toks15
\inpenc@posthook=\toks16
)
(C:\Users\Gabriele\AppData\Local\Programs\MiKTeX\tex/latex/graphics\graphicx.st
y
Package: graphicx 2020/09/09 v1.2b Enhanced LaTeX Graphics (DPC,SPQR)

(C:\Users\Gabriele\AppData\Local\Programs\MiKTeX\tex/latex/graphics\keyval.sty
Package: keyval 2014/10/28 v1.15 key=value parser (DPC)
\KV@toks@=\toks17
)
(C:\Users\Gabriele\AppData\Local\Programs\MiKTeX\tex/latex/graphics\graphics.st
y
Package: graphics 2020/08/30 v1.4c Standard LaTeX Graphics (DPC,SPQR)
 (C:\Users\Gabriele\AppData\Local\Programs\MiKTeX\tex/latex/graphics\trig.sty
Package: trig 2016/01/03 v1.10 sin cos tan (DPC)
)
(C:\Users\Gabriele\AppData\Local\Programs\MiKTeX\tex/latex/graphics-cfg\graphic
s.cfg
File: graphics.cfg 2016/06/04 v1.11 sample graphics configuration
)
Package graphics Info: Driver file: pdftex.def on input line 105.

(C:\Users\Gabriele\AppData\Local\Programs\MiKTeX\tex/latex/graphics-def\pdftex.
def
File: pdftex.def 2020/10/05 v1.2a Graphics/color driver for pdftex
))
\Gin@req@height=\dimen139
\Gin@req@width=\dimen140
)
(C:\Users\Gabriele\AppData\Local\Programs\MiKTeX\tex/latex/listings\listings.st
y
\lst@mode=\count188
\lst@gtempboxa=\box47
\lst@token=\toks18
\lst@length=\count189
\lst@currlwidth=\dimen141
\lst@column=\count190
\lst@pos=\count191
\lst@lostspace=\dimen142
\lst@width=\dimen143
\lst@newlines=\count192
\lst@lineno=\count193
\lst@maxwidth=\dimen144

(C:\Users\Gabriele\AppData\Local\Programs\MiKTeX\tex/latex/listings\lstmisc.sty
File: lstmisc.sty 2020/03/24 1.8d (Carsten Heinz)
\c@lstnumber=\count194
\lst@skipnumbers=\count195
\lst@framebox=\box48
)
(C:\Users\Gabriele\AppData\Local\Programs\MiKTeX\tex/latex/listings\listings.cf
g
File: listings.cfg 2020/03/24 1.8d listings configuration
))
Package: listings 2020/03/24 1.8d (Carsten Heinz)

(C:\Users\Gabriele\AppData\Local\Programs\MiKTeX\tex/latex/graphics\color.sty
Package: color 2020/02/24 v1.2b Standard LaTeX Color (DPC)

(C:\Users\Gabriele\AppData\Local\Programs\MiKTeX\tex/latex/graphics-cfg\color.c
fg
File: color.cfg 2016/01/02 v1.6 sample color configuration
)
Package color Info: Driver file: pdftex.def on input line 147.
)
(C:\Users\Gabriele\AppData\Local\Programs\MiKTeX\tex/latex/booktabs\booktabs.st
y
Package: booktabs 2020/01/12 v1.61803398 Publication quality tables
\heavyrulewidth=\dimen145
\lightrulewidth=\dimen146
\cmidrulewidth=\dimen147
\belowrulesep=\dimen148
\belowbottomsep=\dimen149
\aboverulesep=\dimen150
\abovetopsep=\dimen151
\cmidrulesep=\dimen152
\cmidrulekern=\dimen153
\defaultaddspace=\dimen154
\@cmidla=\count196
\@cmidlb=\count197
\@aboverulesep=\dimen155
\@belowrulesep=\dimen156
\@thisruleclass=\count198
\@lastruleclass=\count199
\@thisrulewidth=\dimen157
)
(C:\Users\Gabriele\AppData\Local\Programs\MiKTeX\tex/latex/latex-tools\tabularx
.sty
Package: tabularx 2020/01/15 v2.11c `tabularx' package (DPC)

(C:\Users\Gabriele\AppData\Local\Programs\MiKTeX\tex/latex/latex-tools\array.st
y
Package: array 2020/10/01 v2.5c Tabular extension package (FMi)
\col@sep=\dimen158
\ar@mcellbox=\box49
\extrarowheight=\dimen159
\NC@list=\toks19
\extratabsurround=\skip49
\backup@length=\skip50
\ar@cellbox=\box50
)
\TX@col@width=\dimen160
\TX@old@table=\dimen161
\TX@old@col=\dimen162
\TX@target=\dimen163
\TX@delta=\dimen164
\TX@cols=\count266
\TX@ftn=\toks20
)
(C:\Users\Gabriele\AppData\Local\Programs\MiKTeX\tex/latex/latex-tools\afterpag
e.sty
Package: afterpage 2014/10/28 v1.08 After-Page Package (DPC)
\AP@output=\toks21
\AP@partial=\box51
\AP@footins=\box52
)
(C:\Users\Gabriele\AppData\Local\Programs\MiKTeX\tex/latex/amsmath\amsmath.sty
Package: amsmath 2020/09/23 v2.17i AMS math features
\@mathmargin=\skip51

For additional information on amsmath, use the `?' option.
(C:\Users\Gabriele\AppData\Local\Programs\MiKTeX\tex/latex/amsmath\amstext.sty
Package: amstext 2000/06/29 v2.01 AMS text

(C:\Users\Gabriele\AppData\Local\Programs\MiKTeX\tex/latex/amsmath\amsgen.sty
File: amsgen.sty 1999/11/30 v2.0 generic functions
\@emptytoks=\toks22
\ex@=\dimen165
)) (C:\Users\Gabriele\AppData\Local\Programs\MiKTeX\tex/latex/amsmath\amsbsy.st
y
Package: amsbsy 1999/11/29 v1.2d Bold Symbols
\pmbraise@=\dimen166
) (C:\Users\Gabriele\AppData\Local\Programs\MiKTeX\tex/latex/amsmath\amsopn.sty
Package: amsopn 2016/03/08 v2.02 operator names
)
\inf@bad=\count267
LaTeX Info: Redefining \frac on input line 234.
\uproot@=\count268
\leftroot@=\count269
LaTeX Info: Redefining \overline on input line 399.
\classnum@=\count270
\DOTSCASE@=\count271
LaTeX Info: Redefining \ldots on input line 496.
LaTeX Info: Redefining \dots on input line 499.
LaTeX Info: Redefining \cdots on input line 620.
\Mathstrutbox@=\box53
\strutbox@=\box54
\big@size=\dimen167
LaTeX Font Info:    Redeclaring font encoding OML on input line 743.
LaTeX Font Info:    Redeclaring font encoding OMS on input line 744.
\macc@depth=\count272
\c@MaxMatrixCols=\count273
\dotsspace@=\muskip16
\c@parentequation=\count274
\dspbrk@lvl=\count275
\tag@help=\toks23
\row@=\count276
\column@=\count277
\maxfields@=\count278
\andhelp@=\toks24
\eqnshift@=\dimen168
\alignsep@=\dimen169
\tagshift@=\dimen170
\tagwidth@=\dimen171
\totwidth@=\dimen172
\lineht@=\dimen173
\@envbody=\toks25
\multlinegap=\skip52
\multlinetaggap=\skip53
\mathdisplay@stack=\toks26
LaTeX Info: Redefining \[ on input line 2923.
LaTeX Info: Redefining \] on input line 2924.
)
(C:\Users\Gabriele\AppData\Local\Programs\MiKTeX\tex/latex/amsfonts\amssymb.sty
Package: amssymb 2013/01/14 v3.01 AMS font symbols

(C:\Users\Gabriele\AppData\Local\Programs\MiKTeX\tex/latex/amsfonts\amsfonts.st
y
Package: amsfonts 2013/01/14 v3.01 Basic AMSFonts support
\symAMSa=\mathgroup4
\symAMSb=\mathgroup5
LaTeX Font Info:    Redeclaring math symbol \hbar on input line 98.
LaTeX Font Info:    Overwriting math alphabet `\mathfrak' in version `bold'
(Font)                  U/euf/m/n --> U/euf/b/n on input line 106.
))
(C:\Users\Gabriele\AppData\Local\Programs\MiKTeX\tex/latex/graphics\rotating.st
y
Package: rotating 2016/08/11 v2.16d rotated objects in LaTeX
 (C:\Users\Gabriele\AppData\Local\Programs\MiKTeX\tex/latex/base\ifthen.sty
Package: ifthen 2014/09/29 v1.1c Standard LaTeX ifthen package (DPC)
)
\c@r@tfl@t=\count279
\rotFPtop=\skip54
\rotFPbot=\skip55
\rot@float@box=\box55
\rot@mess@toks=\toks27
)
(C:\Users\Gabriele\AppData\Local\Programs\MiKTeX\tex/latex/fancyhdr\fancyhdr.st
y
Package: fancyhdr 2022/05/10 v4.0.2 Extensive control of page headers and foote
rs
\f@nch@headwidth=\skip56
\f@nch@O@elh=\skip57
\f@nch@O@erh=\skip58
\f@nch@O@olh=\skip59
\f@nch@O@orh=\skip60
\f@nch@O@elf=\skip61
\f@nch@O@erf=\skip62
\f@nch@O@olf=\skip63
\f@nch@O@orf=\skip64
) (C:\Users\Gabriele\AppData\Local\Programs\MiKTeX\tex/latex/xcolor\xcolor.sty
Package: xcolor 2016/05/11 v2.12 LaTeX color extensions (UK)

(C:\Users\Gabriele\AppData\Local\Programs\MiKTeX\tex/latex/graphics-cfg\color.c
fg
File: color.cfg 2016/01/02 v1.6 sample color configuration
)
Package xcolor Info: Driver file: pdftex.def on input line 225.
LaTeX Info: Redefining \color on input line 709.
Package xcolor Info: Model `cmy' substituted by `cmy0' on input line 1348.
Package xcolor Info: Model `hsb' substituted by `rgb' on input line 1352.
Package xcolor Info: Model `RGB' extended on input line 1364.
Package xcolor Info: Model `HTML' substituted by `rgb' on input line 1366.
Package xcolor Info: Model `Hsb' substituted by `hsb' on input line 1367.
Package xcolor Info: Model `tHsb' substituted by `hsb' on input line 1368.
Package xcolor Info: Model `HSB' substituted by `hsb' on input line 1369.
Package xcolor Info: Model `Gray' substituted by `gray' on input line 1370.
Package xcolor Info: Model `wave' substituted by `hsb' on input line 1371.
)
(C:\Users\Gabriele\AppData\Local\Programs\MiKTeX\tex/latex/eurosym\eurosym.sty
Package: eurosym 1998/08/06 v1.1 European currency symbol ``Euro''
\@eurobox=\box56
)
(C:\Users\Gabriele\AppData\Local\Programs\MiKTeX\tex/latex/pdflscape\pdflscape.
sty
Package: pdflscape 2019/12/05 v0.12 Display of landscape pages in PDF (HO)

(C:\Users\Gabriele\AppData\Local\Programs\MiKTeX\tex/generic/iftex\iftex.sty
Package: iftex 2020/03/06 v1.0d TeX engine tests
)
(C:\Users\Gabriele\AppData\Local\Programs\MiKTeX\tex/latex/graphics\lscape.sty
Package: lscape 2020/05/28 v3.02 Landscape Pages (DPC)
)
Package pdflscape Info: Auto-detected driver: pdftex on input line 81.
) (C:\Users\Gabriele\AppData\Local\Programs\MiKTeX\tex/latex/tabu\tabu.sty
Package: tabu 2019/01/11 v2.9 - flexible LaTeX tabulars (FC+tabu-fixed)

(C:\Users\Gabriele\AppData\Local\Programs\MiKTeX\tex/latex/varwidth\varwidth.st
y
Package: varwidth 2009/03/30 ver 0.92;  Variable-width minipages
\@vwid@box=\box57
\sift@deathcycles=\count280
\@vwid@loff=\dimen174
\@vwid@roff=\dimen175
)
\c@taburow=\count281
\tabu@nbcols=\count282
\tabu@cnt=\count283
\tabu@Xcol=\count284
\tabu@alloc=\count285
\tabu@nested=\count286
\tabu@target=\dimen176
\tabu@spreadtarget=\dimen177
\tabu@naturalX=\dimen178
\tabucolX=\dimen179
\tabu@Xsum=\dimen180
\extrarowdepth=\dimen181
\abovetabulinesep=\dimen182
\belowtabulinesep=\dimen183
\tabustrutrule=\dimen184
\tabu@thebody=\toks28
\tabu@footnotes=\toks29
\tabu@box=\box58
\tabu@arstrutbox=\box59
\tabu@hleads=\box60
\tabu@vleads=\box61
\tabu@cellskip=\skip65
)
(C:\Users\Gabriele\AppData\Local\Programs\MiKTeX\tex/latex/geometry\geometry.st
y
Package: geometry 2020/01/02 v5.9 Page Geometry
 (C:\Users\Gabriele\AppData\Local\Programs\MiKTeX\tex/generic/iftex\ifvtex.sty
Package: ifvtex 2019/10/25 v1.7 ifvtex legacy package. Use iftex instead.
)
\Gm@cnth=\count287
\Gm@cntv=\count288
\c@Gm@tempcnt=\count289
\Gm@bindingoffset=\dimen185
\Gm@wd@mp=\dimen186
\Gm@odd@mp=\dimen187
\Gm@even@mp=\dimen188
\Gm@layoutwidth=\dimen189
\Gm@layoutheight=\dimen190
\Gm@layouthoffset=\dimen191
\Gm@layoutvoffset=\dimen192
\Gm@dimlist=\toks30

(C:\Users\Gabriele\AppData\Local\Programs\MiKTeX\tex/latex/geometry\geometry.cf
g)) (C:\Users\Gabriele\AppData\Local\Programs\MiKTeX\tex/latex/float\float.sty
Package: float 2001/11/08 v1.3d Float enhancements (AL)
\c@float@type=\count290
\float@exts=\toks31
\float@box=\box62
\@float@everytoks=\toks32
\@floatcapt=\box63
) (C:\Users\Gabriele\AppData\Local\Programs\MiKTeX\tex/latex/bbm\bbm.sty
Package: bbm 1999/03/15 V 1.2 provides fonts for set symbols - TH
LaTeX Font Info:    Overwriting math alphabet `\mathbbm' in version `bold'
(Font)                  U/bbm/m/n --> U/bbm/bx/n on input line 33.
LaTeX Font Info:    Overwriting math alphabet `\mathbbmss' in version `bold'
(Font)                  U/bbmss/m/n --> U/bbmss/bx/n on input line 35.
)
(C:\Users\Gabriele\AppData\Local\Programs\MiKTeX\tex/latex/latex-tools\bm.sty
Package: bm 2019/07/24 v1.2d Bold Symbol Support (DPC/FMi)
\symboldoperators=\mathgroup6
\symboldletters=\mathgroup7
\symboldsymbols=\mathgroup8
LaTeX Font Info:    Redeclaring math alphabet \mathbf on input line 141.
LaTeX Info: Redefining \bm on input line 209.
)
(C:\Users\Gabriele\AppData\Local\Programs\MiKTeX\tex/latex/caption\caption.sty
Package: caption 2022/03/01 v3.6b Customizing captions (AR)

(C:\Users\Gabriele\AppData\Local\Programs\MiKTeX\tex/latex/caption\caption3.sty
Package: caption3 2022/03/17 v2.3b caption3 kernel (AR)
\caption@tempdima=\dimen193
\captionmargin=\dimen194
\caption@leftmargin=\dimen195
\caption@rightmargin=\dimen196
\caption@width=\dimen197
\caption@indent=\dimen198
\caption@parindent=\dimen199
\caption@hangindent=\dimen256
Package caption Info: Standard document class detected.
)
\c@caption@flags=\count291
\c@continuedfloat=\count292
Package caption Info: float package is loaded.
Package caption Info: listings package is loaded.
Package caption Info: rotating package is loaded.
)
(C:\Users\Gabriele\AppData\Local\Programs\MiKTeX\tex/latex/caption\subcaption.s
ty
Package: subcaption 2022/01/07 v1.5 Sub-captions (AR)
\c@subfigure=\count293
\c@subtable=\count294
)
(C:\Users\Gabriele\AppData\Local\Programs\MiKTeX\tex/latex/multirow\multirow.st
y
Package: multirow 2021/03/15 v2.8 Span multiple rows of a table
\multirow@colwidth=\skip66
\multirow@cntb=\count295
\multirow@dima=\skip67
\bigstrutjot=\dimen257
)
(C:\Users\Gabriele\AppData\Local\Programs\MiKTeX\tex/latex/biblatex\biblatex.st
y
Package: biblatex 2020/12/31 v3.16 programmable bibliographies (PK/MW)

(C:\Users\Gabriele\AppData\Local\Programs\MiKTeX\tex/generic/pdftexcmds\pdftexc
mds.sty
Package: pdftexcmds 2020-06-27 v0.33 Utility functions of pdfTeX for LuaTeX (HO
)

(C:\Users\Gabriele\AppData\Local\Programs\MiKTeX\tex/generic/infwarerr\infwarer
r.sty
Package: infwarerr 2019/12/03 v1.5 Providing info/warning/error messages (HO)
)
(C:\Users\Gabriele\AppData\Local\Programs\MiKTeX\tex/generic/ltxcmds\ltxcmds.st
y
Package: ltxcmds 2020-05-10 v1.25 LaTeX kernel commands for general use (HO)
)
Package pdftexcmds Info: \pdf@primitive is available.
Package pdftexcmds Info: \pdf@ifprimitive is available.
Package pdftexcmds Info: \pdfdraftmode found.
)
(C:\Users\Gabriele\AppData\Local\Programs\MiKTeX\tex/latex/etoolbox\etoolbox.st
y
Package: etoolbox 2020/10/05 v2.5k e-TeX tools for LaTeX (JAW)
\etb@tempcnta=\count296
)
(C:\Users\Gabriele\AppData\Local\Programs\MiKTeX\tex/latex/kvoptions\kvoptions.
sty
Package: kvoptions 2020-10-07 v3.14 Key value format for package options (HO)

(C:\Users\Gabriele\AppData\Local\Programs\MiKTeX\tex/generic/kvsetkeys\kvsetkey
s.sty
Package: kvsetkeys 2019/12/15 v1.18 Key value parser (HO)
))
(C:\Users\Gabriele\AppData\Local\Programs\MiKTeX\tex/latex/logreq\logreq.sty
Package: logreq 2010/08/04 v1.0 xml request logger
\lrq@indent=\count297

(C:\Users\Gabriele\AppData\Local\Programs\MiKTeX\tex/latex/logreq\logreq.def
File: logreq.def 2010/08/04 v1.0 logreq spec v1.0
))
(C:\Users\Gabriele\AppData\Local\Programs\MiKTeX\tex/latex/url\url.sty
\Urlmuskip=\muskip17
Package: url 2013/09/16  ver 3.4  Verb mode for urls, etc.
)
\c@tabx@nest=\count298
\c@listtotal=\count299
\c@listcount=\count300
\c@liststart=\count301
\c@liststop=\count302
\c@citecount=\count303
\c@citetotal=\count304
\c@multicitecount=\count305
\c@multicitetotal=\count306
\c@instcount=\count307
\c@maxnames=\count308
\c@minnames=\count309
\c@maxitems=\count310
\c@minitems=\count311
\c@citecounter=\count312
\c@maxcitecounter=\count313
\c@savedcitecounter=\count314
\c@uniquelist=\count315
\c@uniquename=\count316
\c@refsection=\count317
\c@refsegment=\count318
\c@maxextratitle=\count319
\c@maxextratitleyear=\count320
\c@maxextraname=\count321
\c@maxextradate=\count322
\c@maxextraalpha=\count323
\c@abbrvpenalty=\count324
\c@highnamepenalty=\count325
\c@lownamepenalty=\count326
\c@maxparens=\count327
\c@parenlevel=\count328
\blx@tempcnta=\count329
\blx@tempcntb=\count330
\blx@tempcntc=\count331
\blx@maxsection=\count332
\blx@maxsegment@0=\count333
\blx@notetype=\count334
\blx@parenlevel@text=\count335
\blx@parenlevel@foot=\count336
\blx@sectionciteorder@0=\count337
\blx@entrysetcounter=\count338
\blx@biblioinstance=\count339
\labelnumberwidth=\skip68
\labelalphawidth=\skip69
\biblabelsep=\skip70
\bibitemsep=\skip71
\bibnamesep=\skip72
\bibinitsep=\skip73
\bibparsep=\skip74
\bibhang=\skip75
\blx@bcfin=\read2
\blx@bcfout=\write3
\blx@langwohyphens=\language79
\c@mincomprange=\count340
\c@maxcomprange=\count341
\c@mincompwidth=\count342
Package biblatex Info: Trying to load biblatex default data model...
Package biblatex Info: ... file 'blx-dm.def' found.

(C:\Users\Gabriele\AppData\Local\Programs\MiKTeX\tex/latex/biblatex\blx-dm.def
File: blx-dm.def 2020/12/31 v3.16 biblatex localization (PK/MW)
)
Package biblatex Info: Trying to load biblatex citestyle data model...
Package biblatex Info: ... file 'authoryear.dbx' not found.
Package biblatex Info: Trying to load biblatex bibstyle data model...
Package biblatex Info: ... file 'numeric.dbx' not found.
Package biblatex Info: Trying to load biblatex custom data model...
Package biblatex Info: ... file 'biblatex-dm.cfg' not found.
\c@afterword=\count343
\c@savedafterword=\count344
\c@annotator=\count345
\c@savedannotator=\count346
\c@author=\count347
\c@savedauthor=\count348
\c@bookauthor=\count349
\c@savedbookauthor=\count350
\c@commentator=\count351
\c@savedcommentator=\count352
\c@editor=\count353
\c@savededitor=\count354
\c@editora=\count355
\c@savededitora=\count356
\c@editorb=\count357
\c@savededitorb=\count358
\c@editorc=\count359
\c@savededitorc=\count360
\c@foreword=\count361
\c@savedforeword=\count362
\c@holder=\count363
\c@savedholder=\count364
\c@introduction=\count365
\c@savedintroduction=\count366
\c@namea=\count367
\c@savednamea=\count368
\c@nameb=\count369
\c@savednameb=\count370
\c@namec=\count371
\c@savednamec=\count372
\c@translator=\count373
\c@savedtranslator=\count374
\c@shortauthor=\count375
\c@savedshortauthor=\count376
\c@shorteditor=\count377
\c@savedshorteditor=\count378
\c@labelname=\count379
\c@savedlabelname=\count380
\c@institution=\count381
\c@savedinstitution=\count382
\c@lista=\count383
\c@savedlista=\count384
\c@listb=\count385
\c@savedlistb=\count386
\c@listc=\count387
\c@savedlistc=\count388
\c@listd=\count389
\c@savedlistd=\count390
\c@liste=\count391
\c@savedliste=\count392
\c@listf=\count393
\c@savedlistf=\count394
\c@location=\count395
\c@savedlocation=\count396
\c@organization=\count397
\c@savedorganization=\count398
\c@origlocation=\count399
\c@savedoriglocation=\count400
\c@origpublisher=\count401
\c@savedorigpublisher=\count402
\c@publisher=\count403
\c@savedpublisher=\count404
\c@language=\count405
\c@savedlanguage=\count406
\c@origlanguage=\count407
\c@savedoriglanguage=\count408
\c@pageref=\count409
\c@savedpageref=\count410
\shorthandwidth=\skip76
\shortjournalwidth=\skip77
\shortserieswidth=\skip78
\shorttitlewidth=\skip79
\shortauthorwidth=\skip80
\shorteditorwidth=\skip81
\locallabelnumberwidth=\skip82
\locallabelalphawidth=\skip83
\localshorthandwidth=\skip84
\localshortjournalwidth=\skip85
\localshortserieswidth=\skip86
\localshorttitlewidth=\skip87
\localshortauthorwidth=\skip88
\localshorteditorwidth=\skip89
Package biblatex Info: Trying to load compatibility code...
Package biblatex Info: ... file 'blx-compat.def' found.

(C:\Users\Gabriele\AppData\Local\Programs\MiKTeX\tex/latex/biblatex\blx-compat.
def
File: blx-compat.def 2020/12/31 v3.16 biblatex compatibility (PK/MW)
)
Package biblatex Info: Trying to load generic definitions...
Package biblatex Info: ... file 'biblatex.def' found.

(C:\Users\Gabriele\AppData\Local\Programs\MiKTeX\tex/latex/biblatex\biblatex.de
f
File: biblatex.def 2020/12/31 v3.16 biblatex compatibility (PK/MW)
\c@textcitecount=\count411
\c@textcitetotal=\count412
\c@textcitemaxnames=\count413
\c@biburlbigbreakpenalty=\count414
\c@biburlbreakpenalty=\count415
\c@biburlnumpenalty=\count416
\c@biburlucpenalty=\count417
\c@biburllcpenalty=\count418
\biburlbigskip=\muskip18
\biburlnumskip=\muskip19
\biburlucskip=\muskip20
\biburllcskip=\muskip21
\c@smartand=\count419
)
Package biblatex Info: Trying to load bibliography style 'numeric'...
Package biblatex Info: ... file 'numeric.bbx' found.

(C:\Users\Gabriele\AppData\Local\Programs\MiKTeX\tex/latex/biblatex/bbx\numeric
.bbx
File: numeric.bbx 2020/12/31 v3.16 biblatex bibliography style (PK/MW)
Package biblatex Info: Trying to load bibliography style 'standard'...
Package biblatex Info: ... file 'standard.bbx' found.

(C:\Users\Gabriele\AppData\Local\Programs\MiKTeX\tex/latex/biblatex/bbx\standar
d.bbx
File: standard.bbx 2020/12/31 v3.16 biblatex bibliography style (PK/MW)
\c@bbx:relatedcount=\count420
\c@bbx:relatedtotal=\count421
))
Package biblatex Info: Trying to load citation style 'authoryear'...
Package biblatex Info: ... file 'authoryear.cbx' found.

(C:\Users\Gabriele\AppData\Local\Programs\MiKTeX\tex/latex/biblatex/cbx\authory
ear.cbx
File: authoryear.cbx 2020/12/31 v3.16 biblatex citation style (PK/MW)
Package biblatex Info: Redefining '\cite'.
Package biblatex Info: Redefining '\parencite'.
Package biblatex Info: Redefining '\footcite'.
Package biblatex Info: Redefining '\footcitetext'.
Package biblatex Info: Redefining '\smartcite'.
Package biblatex Info: Redefining '\textcite'.
Package biblatex Info: Redefining '\textcites'.
)
Package biblatex Info: Trying to load configuration file...
Package biblatex Info: ... file 'biblatex.cfg' found.

(C:\Users\Gabriele\AppData\Local\Programs\MiKTeX\tex/latex/biblatex\biblatex.cf
g
File: biblatex.cfg 
))
(C:\Users\Gabriele\AppData\Local\Programs\MiKTeX\tex/latex/enumitem\enumitem.st
y
Package: enumitem 2019/06/20 v3.9 Customized lists
\labelindent=\skip90
\enit@outerparindent=\dimen258
\enit@toks=\toks33
\enit@inbox=\box64
\enit@count@id=\count422
\enitdp@description=\count423
)
(C:\Users\Gabriele\AppData\Local\Programs\MiKTeX\tex/latex/jknappen\mathrsfs.st
y
Package: mathrsfs 1996/01/01 Math RSFS package v1.0 (jk)
\symrsfs=\mathgroup9
)
(C:\Users\Gabriele\AppData\Local\Programs\MiKTeX\tex/latex/comment\comment.sty
\CommentStream=\write4

Excluding comment 'comment')
(C:\Users\Gabriele\AppData\Local\Programs\MiKTeX\tex/latex/amscls\amsthm.sty
Package: amsthm 2020/05/29 v2.20.6
\thm@style=\toks34
\thm@bodyfont=\toks35
\thm@headfont=\toks36
\thm@notefont=\toks37
\thm@headpunct=\toks38
\thm@preskip=\skip91
\thm@postskip=\skip92
\thm@headsep=\skip93
\dth@everypar=\toks39
)
(C:\Users\Gabriele\AppData\Local\Programs\MiKTeX\tex/latex/graphics\epsfig.sty
Package: epsfig 2017/06/25 v1.7b (e)psfig emulation (SPQR)
\epsfxsize=\dimen259
\epsfysize=\dimen260
)
(C:\Users\Gabriele\AppData\Local\Programs\MiKTeX\tex/latex/epstopdf-pkg\epstopd
f.sty
Package: epstopdf 2020-01-24 v2.11 Conversion with epstopdf on the fly (HO)

(C:\Users\Gabriele\AppData\Local\Programs\MiKTeX\tex/latex/grfext\grfext.sty
Package: grfext 2019/12/03 v1.3 Manage graphics extensions (HO)

(C:\Users\Gabriele\AppData\Local\Programs\MiKTeX\tex/generic/kvdefinekeys\kvdef
inekeys.sty
Package: kvdefinekeys 2019-12-19 v1.6 Define keys (HO)
))
(C:\Users\Gabriele\AppData\Local\Programs\MiKTeX\tex/latex/epstopdf-pkg\epstopd
f-base.sty
Package: epstopdf-base 2020-01-24 v2.11 Base part for package epstopdf
Package epstopdf-base Info: Redefining graphics rule for `.eps' on input line 4
85.
Package grfext Info: Graphics extension search list:
(grfext)             [.pdf,.png,.jpg,.mps,.jpeg,.jbig2,.jb2,.PDF,.PNG,.JPG,.JPE
G,.JBIG2,.JB2,.eps]
(grfext)             \AppendGraphicsExtensions on input line 504.
))
(C:\Users\Gabriele\AppData\Local\Programs\MiKTeX\tex/latex/titling\titling.sty
Package: titling 2009/09/04 v2.1d maketitle typesetting
\thanksmarkwidth=\skip94
\thanksmargin=\skip95
\droptitle=\skip96
)
(C:\Users\Gabriele\AppData\Local\Programs\MiKTeX\tex/latex/algorithms\algorithm
.sty
Package: algorithm 2009/08/24 v0.1 Document Style `algorithm' - floating enviro
nment
\@float@every@algorithm=\toks40
\c@algorithm=\count424
)
(C:\Users\Gabriele\AppData\Local\Programs\MiKTeX\tex/latex/algorithmicx\algpseu
docode.sty
Package: algpseudocode 

(C:\Users\Gabriele\AppData\Local\Programs\MiKTeX\tex/latex/algorithmicx\algorit
hmicx.sty
Package: algorithmicx 2005/04/27 v1.2 Algorithmicx

Document Style algorithmicx 1.2 - a greatly improved `algorithmic' style
\c@ALG@line=\count425
\c@ALG@rem=\count426
\c@ALG@nested=\count427
\ALG@tlm=\skip97
\ALG@thistlm=\skip98
\c@ALG@Lnr=\count428
\c@ALG@blocknr=\count429
\c@ALG@storecount=\count430
\c@ALG@tmpcounter=\count431
\ALG@tmplength=\skip99
)
Document Style - pseudocode environments for use with the `algorithmicx' style
)
(C:\Users\Gabriele\AppData\Local\Programs\MiKTeX\tex/latex/csquotes\csquotes.st
y
Package: csquotes 2021-02-22 v5.2l context-sensitive quotations (JAW)
\csq@reset=\count432
\csq@gtype=\count433
\csq@glevel=\count434
\csq@qlevel=\count435
\csq@maxlvl=\count436
\csq@tshold=\count437
\csq@ltx@everypar=\toks41

(C:\Users\Gabriele\AppData\Local\Programs\MiKTeX\tex/latex/csquotes\csquotes.de
f
File: csquotes.def 2021-02-22 v5.2l csquotes generic definitions (JAW)
)
Package csquotes Info: Trying to load configuration file 'csquotes.cfg'...
Package csquotes Info: ... configuration file loaded successfully.

(C:\Users\Gabriele\AppData\Local\Programs\MiKTeX\tex/latex/csquotes\csquotes.cf
g
File: csquotes.cfg 
))
(C:\Users\Gabriele\AppData\Local\Programs\MiKTeX\tex/generic/babel\babel.sty
Package: babel 2021/01/26 3.53 The Babel package

(C:\Users\Gabriele\AppData\Local\Programs\MiKTeX\tex/generic/babel\babel.def
File: babel.def 2021/01/26 3.53 Babel common definitions
\babel@savecnt=\count438
\U@D=\dimen261
\l@babelnohyphens=\language80

(C:\Users\Gabriele\AppData\Local\Programs\MiKTeX\tex/generic/babel\txtbabel.def
)
\bbl@readstream=\read3
)
\bbl@dirlevel=\count439

*************************************
* Local config file bblopts.cfg used
*
(C:\Users\Gabriele\AppData\Local\Programs\MiKTeX\tex/latex/arabi\bblopts.cfg
File: bblopts.cfg 2005/09/08 v0.1 add Arabic and Farsi to "declared" options of
 babel
)
(C:\Users\Gabriele\AppData\Local\Programs\MiKTeX\tex/latex/babel-italian\italia
n.ldf
Language: italian 2020/05/21 v.1.4.04 Italian support for the babel system
\it@lettering=\count440
\it@doublequoteactive=\count441
\it@ISOcompliance=\count442
))
\c@theorem=\count443

(C:\Users\Gabriele\AppData\Local\Programs\MiKTeX\tex/latex/hyperref\hyperref.st
y
Package: hyperref 2021-02-10 v7.00j Hypertext links for LaTeX

(C:\Users\Gabriele\AppData\Local\Programs\MiKTeX\tex/generic/pdfescape\pdfescap
e.sty
Package: pdfescape 2019/12/09 v1.15 Implements pdfTeX's escape features (HO)
)
(C:\Users\Gabriele\AppData\Local\Programs\MiKTeX\tex/latex/hycolor\hycolor.sty
Package: hycolor 2020-01-27 v1.10 Color options for hyperref/bookmark (HO)
)
(C:\Users\Gabriele\AppData\Local\Programs\MiKTeX\tex/latex/letltxmacro\letltxma
cro.sty
Package: letltxmacro 2019/12/03 v1.6 Let assignment for LaTeX macros (HO)
)
(C:\Users\Gabriele\AppData\Local\Programs\MiKTeX\tex/latex/auxhook\auxhook.sty
Package: auxhook 2019-12-17 v1.6 Hooks for auxiliary files (HO)
)
\@linkdim=\dimen262
\Hy@linkcounter=\count444
\Hy@pagecounter=\count445
(C:\Users\Gabriele\AppData\Local\Programs\MiKTeX\tex/latex/hyperref\pd1enc.def
File: pd1enc.def 2021-02-10 v7.00j Hyperref: PDFDocEncoding definition (HO)
Now handling font encoding PD1 ...
... no UTF-8 mapping file for font encoding PD1
)
(C:\Users\Gabriele\AppData\Local\Programs\MiKTeX\tex/latex/hyperref\hyperref-la
ngpatches.def
File: hyperref-langpatches.def 2021-02-10 v7.00j Hyperref: patches for babel la
nguages
)
(C:\Users\Gabriele\AppData\Local\Programs\MiKTeX\tex/generic/intcalc\intcalc.st
y
Package: intcalc 2019/12/15 v1.3 Expandable calculations with integers (HO)
)
(C:\Users\Gabriele\AppData\Local\Programs\MiKTeX\tex/generic/etexcmds\etexcmds.
sty
Package: etexcmds 2019/12/15 v1.7 Avoid name clashes with e-TeX commands (HO)
)
\Hy@SavedSpaceFactor=\count446

(C:\Users\Gabriele\AppData\Local\Programs\MiKTeX\tex/latex/hyperref\puenc.def
File: puenc.def 2021-02-10 v7.00j Hyperref: PDF Unicode definition (HO)
Now handling font encoding PU ...
... no UTF-8 mapping file for font encoding PU
)
Package hyperref Info: Hyper figures OFF on input line 4192.
Package hyperref Info: Link nesting OFF on input line 4197.
Package hyperref Info: Hyper index ON on input line 4200.
Package hyperref Info: Plain pages OFF on input line 4207.
Package hyperref Info: Backreferencing OFF on input line 4212.
Package hyperref Info: Implicit mode ON; LaTeX internals redefined.
Package hyperref Info: Bookmarks ON on input line 4445.
\c@Hy@tempcnt=\count447
LaTeX Info: Redefining \url on input line 4804.
\XeTeXLinkMargin=\dimen263

(C:\Users\Gabriele\AppData\Local\Programs\MiKTeX\tex/generic/bitset\bitset.sty
Package: bitset 2019/12/09 v1.3 Handle bit-vector datatype (HO)

(C:\Users\Gabriele\AppData\Local\Programs\MiKTeX\tex/generic/bigintcalc\bigintc
alc.sty
Package: bigintcalc 2019/12/15 v1.5 Expandable calculations on big integers (HO
)
))
\Fld@menulength=\count448
\Field@Width=\dimen264
\Fld@charsize=\dimen265
Package hyperref Info: Hyper figures OFF on input line 6075.
Package hyperref Info: Link nesting OFF on input line 6080.
Package hyperref Info: Hyper index ON on input line 6083.
Package hyperref Info: backreferencing OFF on input line 6090.
Package hyperref Info: Link coloring OFF on input line 6095.
Package hyperref Info: Link coloring with OCG OFF on input line 6100.
Package hyperref Info: PDF/A mode OFF on input line 6105.
LaTeX Info: Redefining \ref on input line 6145.
LaTeX Info: Redefining \pageref on input line 6149.

(C:\Users\Gabriele\AppData\Local\Programs\MiKTeX\tex/latex/base\atbegshi-ltx.st
y
Package: atbegshi-ltx 2020/08/17 v1.0a Emulation of the original atbegshi packa
ge
with kernel methods
)
\Hy@abspage=\count449
\c@Item=\count450
\c@Hfootnote=\count451
)
Package hyperref Info: Driver (autodetected): hpdftex.

(C:\Users\Gabriele\AppData\Local\Programs\MiKTeX\tex/latex/hyperref\hpdftex.def
File: hpdftex.def 2021-02-10 v7.00j Hyperref driver for pdfTeX

(C:\Users\Gabriele\AppData\Local\Programs\MiKTeX\tex/latex/base\atveryend-ltx.s
ty
Package: atveryend-ltx 2020/08/19 v1.0a Emulation of the original atvery packag
e
with kernel methods
)
\Fld@listcount=\count452
\c@bookmark@seq@number=\count453

(C:\Users\Gabriele\AppData\Local\Programs\MiKTeX\tex/latex/rerunfilecheck\rerun
filecheck.sty
Package: rerunfilecheck 2019/12/05 v1.9 Rerun checks for auxiliary files (HO)

(C:\Users\Gabriele\AppData\Local\Programs\MiKTeX\tex/generic/uniquecounter\uniq
uecounter.sty
Package: uniquecounter 2019/12/15 v1.4 Provide unlimited unique counter (HO)
)
Package uniquecounter Info: New unique counter `rerunfilecheck' on input line 2
86.
)
\Hy@SectionHShift=\skip100
) (mymacros.sty
Package: mymacros My own macros

(C:\Users\Gabriele\AppData\Local\Programs\MiKTeX\tex/latex/latex-tools\xspace.s
ty
Package: xspace 2014/10/28 v1.13 Space after command names (DPC,MH)
)
(C:\Users\Gabriele\AppData\Local\Programs\MiKTeX\tex/latex/mathtools\mathtools.
sty
Package: mathtools 2020/03/24 v1.24 mathematical typesetting tools

(C:\Users\Gabriele\AppData\Local\Programs\MiKTeX\tex/latex/latex-tools\calc.sty
Package: calc 2017/05/25 v4.3 Infix arithmetic (KKT,FJ)
\calc@Acount=\count454
\calc@Bcount=\count455
\calc@Adimen=\dimen266
\calc@Bdimen=\dimen267
\calc@Askip=\skip101
\calc@Bskip=\skip102
LaTeX Info: Redefining \setlength on input line 80.
LaTeX Info: Redefining \addtolength on input line 81.
\calc@Ccount=\count456
\calc@Cskip=\skip103
)
(C:\Users\Gabriele\AppData\Local\Programs\MiKTeX\tex/latex/mathtools\mhsetup.st
y
Package: mhsetup 2017/03/31 v1.3 programming setup (MH)
)
LaTeX Info: Thecontrolsequence`\('isalreadyrobust on input line 130.
LaTeX Info: Thecontrolsequence`\)'isalreadyrobust on input line 130.
LaTeX Info: Thecontrolsequence`\['isalreadyrobust on input line 130.
LaTeX Info: Thecontrolsequence`\]'isalreadyrobust on input line 130.
\g_MT_multlinerow_int=\count457
\l_MT_multwidth_dim=\dimen268
\origjot=\skip104
\l_MT_shortvdotswithinadjustabove_dim=\dimen269
\l_MT_shortvdotswithinadjustbelow_dim=\dimen270
\l_MT_above_intertext_sep=\dimen271
\l_MT_below_intertext_sep=\dimen272
\l_MT_above_shortintertext_sep=\dimen273
\l_MT_below_shortintertext_sep=\dimen274
\xmathstrut@box=\box65
\xmathstrut@dim=\dimen275
)
\c@assumption=\count458

(C:\Users\Gabriele\AppData\Local\Programs\MiKTeX\tex/latex/thmtools\thmtools.st
y
Package: thmtools 2020/08/01 v0.72
\thmt@toks=\toks42
\c@thmt@dummyctr=\count459

(C:\Users\Gabriele\AppData\Local\Programs\MiKTeX\tex/latex/thmtools\thm-patch.s
ty
Package: thm-patch 2020/08/01 v0.72

(C:\Users\Gabriele\AppData\Local\Programs\MiKTeX\tex/latex/thmtools\parseargs.s
ty
Package: parseargs 2020/08/01 v0.72
\@parsespec=\toks43
))
(C:\Users\Gabriele\AppData\Local\Programs\MiKTeX\tex/latex/thmtools\thm-kv.sty
Package: thm-kv 2020/08/01 v0.72
Package thm-kv Info: Theorem names will be uppercased on input line 42.
Package thm-kv Info: kvsetkeys patch (v1.16 or later) on input line 158.
)
(C:\Users\Gabriele\AppData\Local\Programs\MiKTeX\tex/latex/thmtools\thm-autoref
.sty
Package: thm-autoref 2020/08/01 v0.72

(C:\Users\Gabriele\AppData\Local\Programs\MiKTeX\tex/latex/thmtools\aliasctr.st
y
Package: aliasctr 2020/08/01 v0.72
))
(C:\Users\Gabriele\AppData\Local\Programs\MiKTeX\tex/latex/thmtools\thm-listof.
sty
Package: thm-listof 2020/08/01 v0.72
)
(C:\Users\Gabriele\AppData\Local\Programs\MiKTeX\tex/latex/thmtools\thm-restate
.sty
Package: thm-restate 2020/08/01 v0.72
)
(C:\Users\Gabriele\AppData\Local\Programs\MiKTeX\tex/latex/thmtools\thm-amsthm.
sty
Package: thm-amsthm 2020/08/01 v0.72
\thmt@style@headstyle=\toks44
))
\c@thm=\count460
\c@lemma=\count461
\c@defi=\count462
\c@prop=\count463
\c@ass=\count464
\c@coroll=\count465
\c@fact=\count466
\c@example=\count467
\c@remark=\count468
\c@proper=\count469
Package biblatex Info: Redefining '\cite' on input line 197.
Package biblatex Info: Redefining '\cites' on input line 203.
Package biblatex Info: Redefining '\parencite' on input line 205.
Package biblatex Info: Redefining '\parencites' on input line 211.
)
\c@defn=\count470
\c@conj=\count471
\c@exmp=\count472
Package csquotes Info: Checking for multilingual support...
Package csquotes Info: ... found 'babel' package.
Package csquotes Info: Adjusting default style.
Package csquotes Info: Redefining alias 'default' -> 'italian'.

(C:\Users\Gabriele\AppData\Local\Programs\MiKTeX\tex/latex/l3backend\l3backend-
pdftex.def
File: l3backend-pdftex.def 2021-02-18 L3 backend support: PDF output (pdfTeX)
\l__color_backend_stack_int=\count473
\l__pdf_internal_box=\box66
) (main.aux (frontespizio.aux) (chapters/Introduzione.aux)
(chapters/Gocator.aux) (chapters/Analisi.aux)
(chapters/Applicazione desktop.aux) (chapters/Conclusioni.aux))
\openout1 = `main.aux'.

LaTeX Font Info:    Checking defaults for OML/cmm/m/it on input line 152.
LaTeX Font Info:    ... okay on input line 152.
LaTeX Font Info:    Checking defaults for OMS/cmsy/m/n on input line 152.
LaTeX Font Info:    ... okay on input line 152.
LaTeX Font Info:    Checking defaults for OT1/cmr/m/n on input line 152.
LaTeX Font Info:    ... okay on input line 152.
LaTeX Font Info:    Checking defaults for T1/cmr/m/n on input line 152.
LaTeX Font Info:    ... okay on input line 152.
LaTeX Font Info:    Checking defaults for TS1/cmr/m/n on input line 152.
LaTeX Font Info:    ... okay on input line 152.
LaTeX Font Info:    Checking defaults for OMX/cmex/m/n on input line 152.
LaTeX Font Info:    ... okay on input line 152.
LaTeX Font Info:    Checking defaults for U/cmr/m/n on input line 152.
LaTeX Font Info:    ... okay on input line 152.
LaTeX Font Info:    Checking defaults for PD1/pdf/m/n on input line 152.
LaTeX Font Info:    ... okay on input line 152.
LaTeX Font Info:    Checking defaults for PU/pdf/m/n on input line 152.
LaTeX Font Info:    ... okay on input line 152.

(C:\Users\Gabriele\AppData\Local\Programs\MiKTeX\tex/context/base/mkii\supp-pdf
.mkii
[Loading MPS to PDF converter (version 2006.09.02).]
\scratchcounter=\count474
\scratchdimen=\dimen276
\scratchbox=\box67
\nofMPsegments=\count475
\nofMParguments=\count476
\everyMPshowfont=\toks45
\MPscratchCnt=\count477
\MPscratchDim=\dimen277
\MPnumerator=\count478
\makeMPintoPDFobject=\count479
\everyMPtoPDFconversion=\toks46
)
\c@lstlisting=\count480

*geometry* driver: auto-detecting
*geometry* detected driver: pdftex
*geometry* verbose mode - [ preamble ] result:
* driver: pdftex
* paper: a4paper
* layout: <same size as paper>
* layoutoffset:(h,v)=(0.0pt,0.0pt)
* modes: 
* h-part:(L,W,R)=(89.62709pt, 418.25368pt, 89.6271pt)
* v-part:(T,H,B)=(101.40665pt, 591.5302pt, 152.11pt)
* \paperwidth=597.50787pt
* \paperheight=845.04684pt
* \textwidth=418.25368pt
* \textheight=591.5302pt
* \oddsidemargin=17.3571pt
* \evensidemargin=17.3571pt
* \topmargin=-2.73714pt
* \headheight=12.0pt
* \headsep=19.8738pt
* \topskip=12.0pt
* \footskip=30.0pt
* \marginparwidth=38.0pt
* \marginparsep=7.0pt
* \columnsep=10.0pt
* \skip\footins=10.8pt plus 4.0pt minus 2.0pt
* \hoffset=0.0pt
* \voffset=0.0pt
* \mag=1000
* \@twocolumnfalse
* \@twosidefalse
* \@mparswitchfalse
* \@reversemarginfalse
* (1in=72.27pt=25.4mm, 1cm=28.453pt)

Package caption Info: Begin \AtBeginDocument code.
Package caption Info: hyperref package is loaded.
Package caption Info: End \AtBeginDocument code.
Package biblatex Info: Trying to load language 'italian'...
Package biblatex Info: ... file 'italian.lbx' found.

(C:\Users\Gabriele\AppData\Local\Programs\MiKTeX\tex/latex/biblatex/lbx\italian
.lbx
File: italian.lbx 2020/12/31 v3.16 biblatex localization (PK/MW)
)
Package biblatex Info: Input encoding 'utf8' detected.
Package biblatex Info: Automatic encoding selection.
(biblatex)             Assuming data encoding 'utf8'.
Package biblatex Info: Document encoding is UTF8 ....

(C:\Users\Gabriele\AppData\Local\Programs\MiKTeX\tex/latex/l3kernel\expl3.sty
Package: expl3 2021-02-18 L3 programming layer (loader) 
)
Package biblatex Info: ... and expl3
(biblatex)             2021-02-18 L3 programming layer (loader) 
(biblatex)             is new enough (at least 2020/04/06),
(biblatex)             setting 'casechanger=expl3'.

(C:\Users\Gabriele\AppData\Local\Programs\MiKTeX\tex/latex/biblatex\blx-case-ex
pl3.sty
(C:\Users\Gabriele\AppData\Local\Programs\MiKTeX\tex/latex/l3packages/xparse\xp
arse.sty
Package: xparse 2020-10-27 L3 Experimental document command parser

(C:\Users\Gabriele\AppData\Local\Programs\MiKTeX\tex/latex/l3packages/xparse\xp
arse-generic.tex))
Package: blx-case-expl3 2020/12/31 v3.16 expl3 case changing code for biblatex
)
\openout3 = `main.bcf'.

Package biblatex Info: Trying to load bibliographic data...
Package biblatex Info: ... file 'main.bbl' found.
 (main.bbl)
Package biblatex Info: Reference section=0 on input line 152.
Package biblatex Info: Reference segment=0 on input line 152.
LaTeX Info: Redefining \it@ocap on input line 152.
LaTeX Info: Redefining \it@ccap on input line 152.


File italian.ldf warning: 
italian.ldf    With OT1 encoding guillemets are poorly faked
italian.ldf    Use T1 encoding
italian.ldf    or specify a font with command \CaporaliFrom
italian.ldf    See the documentation concerning the babel-italian typesetting 
italian.ldf    on input line 152.

Package hyperref Info: Link coloring OFF on input line 152.

(C:\Users\Gabriele\AppData\Local\Programs\MiKTeX\tex/latex/hyperref\nameref.sty
Package: nameref 2021-04-02 v2.47 Cross-referencing by name of section

(C:\Users\Gabriele\AppData\Local\Programs\MiKTeX\tex/latex/refcount\refcount.st
y
Package: refcount 2019/12/15 v3.6 Data extraction from label references (HO)
)
(C:\Users\Gabriele\AppData\Local\Programs\MiKTeX\tex/generic/gettitlestring\get
titlestring.sty
Package: gettitlestring 2019/12/15 v1.6 Cleanup title references (HO)
)
\c@section@level=\count481
)
LaTeX Info: Redefining \ref on input line 152.
LaTeX Info: Redefining \pageref on input line 152.
LaTeX Info: Redefining \nameref on input line 152.
 (main.out) (main.out)
\@outlinefile=\write5
\openout5 = `main.out'.

\openout2 = `frontespizio.aux'.

 (frontespizio.tex

LaTeX Font Warning: Font shape `OT1/cmr/bx/sc' undefined
(Font)              using `OT1/cmr/bx/n' instead on input line 6.

LaTeX Font Info:    Trying to load font information for U+msa on input line 6.
(C:\Users\Gabriele\AppData\Local\Programs\MiKTeX\tex/latex/amsfonts\umsa.fd
File: umsa.fd 2013/01/14 v3.01 AMS symbols A
)
LaTeX Font Info:    Trying to load font information for U+msb on input line 6.

(C:\Users\Gabriele\AppData\Local\Programs\MiKTeX\tex/latex/amsfonts\umsb.fd
File: umsb.fd 2013/01/14 v3.01 AMS symbols B
)
LaTeX Font Info:    Trying to load font information for U+rsfs on input line 6.


(C:\Users\Gabriele\AppData\Local\Programs\MiKTeX\tex/latex/jknappen\ursfs.fd
File: ursfs.fd 1998/03/24 rsfs font definition file (jk)
)
Overfull \hbox (31.29994pt too wide) in paragraph at lines 6--13
 [] 
 []


Overfull \hbox (31.29994pt too wide) in paragraph at lines 6--13
 [] 
 []


Underfull \hbox (badness 10000) in paragraph at lines 32--34

 []

) [1


{C:/Users/Gabriele/AppData/Local/MiKTeX/pdftex/config/pdftex.map}] [2


]
(main.toc [1


])
\tf@toc=\write6
\openout6 = `main.toc'.

 [2] (main.lof [3


] [4])
\tf@lof=\write7
\openout7 = `main.lof'.

 [5]
\openout2 = `chapters/Introduzione.aux'.

 (chapters/Introduzione.tex
Capitolo 1.

Underfull \hbox (badness 10000) in paragraph at lines 5--16

 []


Underfull \hbox (badness 10000) in paragraph at lines 5--16

 []


Underfull \hbox (badness 10000) in paragraph at lines 5--16

 []


Underfull \hbox (badness 10000) in paragraph at lines 5--16

 []


Underfull \hbox (badness 10000) in paragraph at lines 5--16

 []


Underfull \hbox (badness 10000) in paragraph at lines 5--16

 []

pdfTeX warning (ext4): destination with the same identifier (name{page.1}) has 
been already used, duplicate ignored
<to be read again> 
                   \relax 
l.16 
      [1



])pdfTeX warning (ext4): destination with the same identifier (name{page.2}) ha
s been already used, duplicate ignored
<to be read again> 
                   \relax 
l.179 \include{chapters/Introduzione}
                                      [2]
\openout2 = `chapters/Gocator.aux'.

 (chapters/Gocator.tex
Capitolo 2.

Underfull \hbox (badness 10000) in paragraph at lines 5--8

 []


Underfull \hbox (badness 10000) in paragraph at lines 5--8

 []

<./pictures/gocator_1.jpg, id=315, 594.22pt x 562.1pt>
File: ./pictures/gocator_1.jpg Graphic file (type jpg)
<use ./pictures/gocator_1.jpg>
Package pdftex.def Info: ./pictures/gocator_1.jpg  used on input line 11.
(pdftex.def)             Requested size: 178.26736pt x 168.6313pt.
[3





 <./pictures/gocator_1.jpg>]
<./pictures/gocator_2.png, id=321, 324.21124pt x 401.5pt>
File: ./pictures/gocator_2.png Graphic file (type png)
<use ./pictures/gocator_2.png>
Package pdftex.def Info: ./pictures/gocator_2.png  used on input line 38.
(pdftex.def)             Requested size: 194.52824pt x 240.90184pt.

Underfull \hbox (badness 10000) in paragraph at lines 43--46

 []

[4 <./pictures/gocator_2.png>]
Underfull \hbox (badness 10000) in paragraph at lines 48--51

 []

<./pictures/active_area.png, id=328, 437.38406pt x 342.5297pt>
File: ./pictures/active_area.png Graphic file (type png)
<use ./pictures/active_area.png>
Package pdftex.def Info: ./pictures/active_area.png  used on input line 59.
(pdftex.def)             Requested size: 292.77629pt x 229.28464pt.

Underfull \hbox (badness 10000) in paragraph at lines 64--67

 []

[5 <./pictures/active_area.png>]
Underfull \hbox (badness 10000) in paragraph at lines 78--79

 []


Underfull \hbox (badness 10000) in paragraph at lines 92--98

 []


Underfull \hbox (badness 10000) in paragraph at lines 92--98

 []

[6] [7]
Underfull \hbox (badness 10000) in paragraph at lines 114--117

 []


Underfull \hbox (badness 10000) in paragraph at lines 125--128

 []


Underfull \hbox (badness 10000) in paragraph at lines 135--140

 []


Underfull \hbox (badness 10000) in paragraph at lines 135--140

 []


Underfull \hbox (badness 10000) in paragraph at lines 135--140

 []

[8]
<./pictures/uniform_spacing_1.png, id=348, 167.62625pt x 162.6075pt>
File: ./pictures/uniform_spacing_1.png Graphic file (type png)
<use ./pictures/uniform_spacing_1.png>
Package pdftex.def Info: ./pictures/uniform_spacing_1.png  used on input line 1
45.
(pdftex.def)             Requested size: 125.47737pt x 121.7196pt.
<./pictures/uniform_spacing_2.png, id=349, 167.62625pt x 162.6075pt>
File: ./pictures/uniform_spacing_2.png Graphic file (type png)
<use ./pictures/uniform_spacing_2.png>
Package pdftex.def Info: ./pictures/uniform_spacing_2.png  used on input line 1
51.
(pdftex.def)             Requested size: 125.47737pt x 121.7196pt.
) [9 <./pictures/uniform_spacing_1.png (PNG copy)> <./pictures/uniform_spacing_
2.png (PNG copy)>]
\openout2 = `chapters/Analisi.aux'.

 (chapters/Analisi.tex
Capitolo 3.

Underfull \hbox (badness 10000) in paragraph at lines 8--10

 []

<./pictures/batt_1a_1.png, id=358, 921.4425pt x 803.0pt>
File: ./pictures/batt_1a_1.png Graphic file (type png)
<use ./pictures/batt_1a_1.png>
Package pdftex.def Info: ./pictures/batt_1a_1.png  used on input line 13.
(pdftex.def)             Requested size: 196.77057pt x 171.48553pt.
<./pictures/batt_1a_2.png, id=359, 668.4975pt x 803.0pt>
File: ./pictures/batt_1a_2.png Graphic file (type png)
<use ./pictures/batt_1a_2.png>
Package pdftex.def Info: ./pictures/batt_1a_2.png  used on input line 14.
(pdftex.def)             Requested size: 142.75511pt x 171.48553pt.
<./pictures/batt_1b_1.png, id=360, 921.4425pt x 803.0pt>
File: ./pictures/batt_1b_1.png Graphic file (type png)
<use ./pictures/batt_1b_1.png>
Package pdftex.def Info: ./pictures/batt_1b_1.png  used on input line 20.
(pdftex.def)             Requested size: 196.77057pt x 171.48553pt.
<./pictures/batt_1b_2.png, id=361, 668.4975pt x 803.0pt>
File: ./pictures/batt_1b_2.png Graphic file (type png)
<use ./pictures/batt_1b_2.png>
Package pdftex.def Info: ./pictures/batt_1b_2.png  used on input line 21.
(pdftex.def)             Requested size: 142.75511pt x 171.48553pt.
[10





 <./pictures/batt_1a_1.png (PNG copy)> <./pictures/batt_1a_2.png (PNG copy)>]
<./pictures/batt_2_1.png, id=366, 921.4425pt x 803.0pt>
File: ./pictures/batt_2_1.png Graphic file (type png)
<use ./pictures/batt_2_1.png>
Package pdftex.def Info: ./pictures/batt_2_1.png  used on input line 27.
(pdftex.def)             Requested size: 196.77057pt x 171.48553pt.
<./pictures/batt_2_2.png, id=367, 668.4975pt x 803.0pt>
File: ./pictures/batt_2_2.png Graphic file (type png)
<use ./pictures/batt_2_2.png>
Package pdftex.def Info: ./pictures/batt_2_2.png  used on input line 28.
(pdftex.def)             Requested size: 142.75511pt x 171.48553pt.
 [11 <./pictures/batt_1b_1.png (PNG copy)> <./pictures/batt_1b_2.png (PNG copy)
> <./pictures/batt_2_1.png (PNG copy)> <./pictures/batt_2_2.png>]
Underfull \hbox (badness 10000) in paragraph at lines 35--38

 []


Overfull \hbox (5.5379pt too wide) in paragraph at lines 52--53
[]\OT1/cmr/m/n/12 Area, pe-ri-me-tro e di-men-sio-ne del-la \OT1/cmr/m/it/12 bo
un-ding box \OT1/cmr/m/n/12 di ogni \OT1/cmr/m/it/12 Ma-cro-Blob \OT1/cmr/bx/sc
/12 (1A/1B)\OT1/cmr/m/n/12 . 
 []


Underfull \hbox (badness 10000) in paragraph at lines 57--61

 []


Underfull \hbox (badness 10000) in paragraph at lines 57--61

 []

<./pictures/batt_1a_analisi_mb.png, id=377, 1368.11125pt x 301.125pt>
File: ./pictures/batt_1a_analisi_mb.png Graphic file (type png)
<use ./pictures/batt_1a_analisi_mb.png>
Package pdftex.def Info: ./pictures/batt_1a_analisi_mb.png  used on input line 
64.
(pdftex.def)             Requested size: 376.42575pt x 82.84868pt.
[12]
<./pictures/batt_1a_analisi_b.png, id=383, 1368.11125pt x 301.125pt>
File: ./pictures/batt_1a_analisi_b.png Graphic file (type png)
<use ./pictures/batt_1a_analisi_b.png>
Package pdftex.def Info: ./pictures/batt_1a_analisi_b.png  used on input line 7
0.
(pdftex.def)             Requested size: 376.42575pt x 82.84868pt.
<./pictures/batt_1b_analisi_mb.png, id=384, 1270.7475pt x 401.5pt>
File: ./pictures/batt_1b_analisi_mb.png Graphic file (type png)
<use ./pictures/batt_1b_analisi_mb.png>
Package pdftex.def Info: ./pictures/batt_1b_analisi_mb.png  used on input line 
76.
(pdftex.def)             Requested size: 376.42575pt x 118.93158pt.

Underfull \hbox (badness 10000) in paragraph at lines 80--81

 []

<./pictures/batt_1a_analisi_1.png, id=386, 1422.81563pt x 853.68938pt>
File: ./pictures/batt_1a_analisi_1.png Graphic file (type png)
<use ./pictures/batt_1a_analisi_1.png>
Package pdftex.def Info: ./pictures/batt_1a_analisi_1.png  used on input line 8
4.
(pdftex.def)             Requested size: 334.60422pt x 200.76031pt.
[13 <./pictures/batt_1a_analisi_mb.png (PNG copy)> <./pictures/batt_1a_analisi_
b.png (PNG copy)> <./pictures/batt_1b_analisi_mb.png (PNG copy)>]
Underfull \hbox (badness 10000) in paragraph at lines 88--93

 []


Underfull \hbox (badness 10000) in paragraph at lines 88--93

 []

<./pictures/batt_1a_analisi_2.png, id=392, 1422.81563pt x 853.68938pt>
File: ./pictures/batt_1a_analisi_2.png Graphic file (type png)
<use ./pictures/batt_1a_analisi_2.png>
Package pdftex.def Info: ./pictures/batt_1a_analisi_2.png  used on input line 9
6.
(pdftex.def)             Requested size: 334.60422pt x 200.76031pt.
[14 <./pictures/batt_1a_analisi_1.png (PNG copy)>]
Underfull \hbox (badness 10000) in paragraph at lines 100--105

 []


Underfull \hbox (badness 10000) in paragraph at lines 100--105

 []

<./pictures/batt_1a_analisi_3.png, id=399, 1422.81563pt x 853.68938pt>
File: ./pictures/batt_1a_analisi_3.png Graphic file (type png)
<use ./pictures/batt_1a_analisi_3.png>
Package pdftex.def Info: ./pictures/batt_1a_analisi_3.png  used on input line 1
08.
(pdftex.def)             Requested size: 334.60422pt x 200.76031pt.
[15 <./pictures/batt_1a_analisi_2.png (PNG copy)>]
Underfull \hbox (badness 10000) in paragraph at lines 112--113

 []

<./pictures/batt_1a_analisi_4.png, id=406, 1422.81563pt x 853.68938pt>
File: ./pictures/batt_1a_analisi_4.png Graphic file (type png)
<use ./pictures/batt_1a_analisi_4.png>
Package pdftex.def Info: ./pictures/batt_1a_analisi_4.png  used on input line 1
16.
(pdftex.def)             Requested size: 334.60422pt x 200.76031pt.
<./pictures/batt_1a_analisi_5.png, id=407, 1422.81563pt x 853.68938pt>
File: ./pictures/batt_1a_analisi_5.png Graphic file (type png)
<use ./pictures/batt_1a_analisi_5.png>
Package pdftex.def Info: ./pictures/batt_1a_analisi_5.png  used on input line 1
22.
(pdftex.def)             Requested size: 334.60422pt x 200.76031pt.
[16 <./pictures/batt_1a_analisi_3.png (PNG copy)> <./pictures/batt_1a_analisi_4
.png (PNG copy)>]
Underfull \hbox (badness 10000) in paragraph at lines 126--128

 []

<./pictures/batt_1a_analisi_6.png, id=412, 1047.915pt x 256.96pt>
File: ./pictures/batt_1a_analisi_6.png Graphic file (type png)
<use ./pictures/batt_1a_analisi_6.png>
Package pdftex.def Info: ./pictures/batt_1a_analisi_6.png  used on input line 1
31.
(pdftex.def)             Requested size: 376.42575pt x 92.30164pt.

Underfull \hbox (badness 10000) in paragraph at lines 135--139

 []


Underfull \hbox (badness 10000) in paragraph at lines 135--139

 []

[17 <./pictures/batt_1a_analisi_5.png (PNG copy)> <./pictures/batt_1a_analisi_6
.png>]
<./pictures/batt_1a_analisi_7.png, id=421, 1047.915pt x 256.96pt>
File: ./pictures/batt_1a_analisi_7.png Graphic file (type png)
<use ./pictures/batt_1a_analisi_7.png>
Package pdftex.def Info: ./pictures/batt_1a_analisi_7.png  used on input line 1
42.
(pdftex.def)             Requested size: 376.42575pt x 92.30164pt.
<./pictures/batt_1a_analisi_8.png, id=422, 1047.915pt x 256.96pt>
File: ./pictures/batt_1a_analisi_8.png Graphic file (type png)
<use ./pictures/batt_1a_analisi_8.png>
Package pdftex.def Info: ./pictures/batt_1a_analisi_8.png  used on input line 1
48.
(pdftex.def)             Requested size: 376.42575pt x 92.30164pt.

Underfull \hbox (badness 10000) in paragraph at lines 152--157

 []


Underfull \hbox (badness 10000) in paragraph at lines 152--157

 []

<./pictures/batt_1a_analisi_9.png, id=427, 1047.915pt x 256.96pt>
File: ./pictures/batt_1a_analisi_9.png Graphic file (type png)
<use ./pictures/batt_1a_analisi_9.png>
Package pdftex.def Info: ./pictures/batt_1a_analisi_9.png  used on input line 1
60.
(pdftex.def)             Requested size: 376.42575pt x 92.30164pt.
[18 <./pictures/batt_1a_analisi_7.png> <./pictures/batt_1a_analisi_8.png>]
<./pictures/batt_1a_analisi_10.png, id=435, 1047.915pt x 256.96pt>
File: ./pictures/batt_1a_analisi_10.png Graphic file (type png)
<use ./pictures/batt_1a_analisi_10.png>
Package pdftex.def Info: ./pictures/batt_1a_analisi_10.png  used on input line 
166.
(pdftex.def)             Requested size: 376.42575pt x 92.30164pt.
<./pictures/batt_1a_analisi_11.png, id=436, 1047.915pt x 256.96pt>
File: ./pictures/batt_1a_analisi_11.png Graphic file (type png)
<use ./pictures/batt_1a_analisi_11.png>
Package pdftex.def Info: ./pictures/batt_1a_analisi_11.png  used on input line 
172.
(pdftex.def)             Requested size: 376.42575pt x 92.30164pt.
<./pictures/batt_1a_analisi_12.png, id=437, 1047.915pt x 256.96pt>
File: ./pictures/batt_1a_analisi_12.png Graphic file (type png)
<use ./pictures/batt_1a_analisi_12.png>
Package pdftex.def Info: ./pictures/batt_1a_analisi_12.png  used on input line 
178.
(pdftex.def)             Requested size: 376.42575pt x 92.30164pt.

Underfull \hbox (badness 10000) in paragraph at lines 186--187

 []

<./pictures/batt_1b_analisi_1_1.png, id=438, 1445.4pt x 724.95844pt>
File: ./pictures/batt_1b_analisi_1_1.png Graphic file (type png)
<use ./pictures/batt_1b_analisi_1_1.png>
Package pdftex.def Info: ./pictures/batt_1b_analisi_1_1.png  used on input line
 190.
(pdftex.def)             Requested size: 188.21288pt x 94.39171pt.
<./pictures/batt_1b_analisi_2_1.png, id=439, 1445.4pt x 724.95844pt>
File: ./pictures/batt_1b_analisi_2_1.png Graphic file (type png)
<use ./pictures/batt_1b_analisi_2_1.png>
Package pdftex.def Info: ./pictures/batt_1b_analisi_2_1.png  used on input line
 191.
(pdftex.def)             Requested size: 188.21288pt x 94.39171pt.
[19 <./pictures/batt_1a_analisi_9.png> <./pictures/batt_1a_analisi_10.png> <./p
ictures/batt_1a_analisi_11.png> <./pictures/batt_1a_analisi_12.png>]
<./pictures/batt_1b_analisi_1_2.png, id=448, 1445.4pt x 724.95844pt>
File: ./pictures/batt_1b_analisi_1_2.png Graphic file (type png)
<use ./pictures/batt_1b_analisi_1_2.png>
Package pdftex.def Info: ./pictures/batt_1b_analisi_1_2.png  used on input line
 197.
(pdftex.def)             Requested size: 188.21288pt x 94.39171pt.
<./pictures/batt_1b_analisi_2_2.png, id=449, 1445.4pt x 724.95844pt>
File: ./pictures/batt_1b_analisi_2_2.png Graphic file (type png)
<use ./pictures/batt_1b_analisi_2_2.png>
Package pdftex.def Info: ./pictures/batt_1b_analisi_2_2.png  used on input line
 198.
(pdftex.def)             Requested size: 188.21288pt x 94.39171pt.
<./pictures/batt_1b_analisi_1_3.png, id=450, 1445.4pt x 724.95844pt>
File: ./pictures/batt_1b_analisi_1_3.png Graphic file (type png)
<use ./pictures/batt_1b_analisi_1_3.png>
Package pdftex.def Info: ./pictures/batt_1b_analisi_1_3.png  used on input line
 204.
(pdftex.def)             Requested size: 188.21288pt x 94.39171pt.
<./pictures/batt_1b_analisi_2_3.png, id=451, 1445.4pt x 724.95844pt>
File: ./pictures/batt_1b_analisi_2_3.png Graphic file (type png)
<use ./pictures/batt_1b_analisi_2_3.png>
Package pdftex.def Info: ./pictures/batt_1b_analisi_2_3.png  used on input line
 205.
(pdftex.def)             Requested size: 188.21288pt x 94.39171pt.
<./pictures/batt_1b_analisi_1_4.png, id=452, 1445.4pt x 724.95844pt>
File: ./pictures/batt_1b_analisi_1_4.png Graphic file (type png)
<use ./pictures/batt_1b_analisi_1_4.png>
Package pdftex.def Info: ./pictures/batt_1b_analisi_1_4.png  used on input line
 211.
(pdftex.def)             Requested size: 188.21288pt x 94.39171pt.
<./pictures/batt_1b_analisi_2_4.png, id=453, 1445.4pt x 724.95844pt>
File: ./pictures/batt_1b_analisi_2_4.png Graphic file (type png)
<use ./pictures/batt_1b_analisi_2_4.png>
Package pdftex.def Info: ./pictures/batt_1b_analisi_2_4.png  used on input line
 212.
(pdftex.def)             Requested size: 188.21288pt x 94.39171pt.
<./pictures/batt_1b_analisi_1_5.png, id=454, 1445.4pt x 724.95844pt>
File: ./pictures/batt_1b_analisi_1_5.png Graphic file (type png)
<use ./pictures/batt_1b_analisi_1_5.png>
Package pdftex.def Info: ./pictures/batt_1b_analisi_1_5.png  used on input line
 218.
(pdftex.def)             Requested size: 188.21288pt x 94.39171pt.
<./pictures/batt_1b_analisi_2_5.png, id=455, 1445.4pt x 724.95844pt>
File: ./pictures/batt_1b_analisi_2_5.png Graphic file (type png)
<use ./pictures/batt_1b_analisi_2_5.png>
Package pdftex.def Info: ./pictures/batt_1b_analisi_2_5.png  used on input line
 219.
(pdftex.def)             Requested size: 188.21288pt x 94.39171pt.
 [20 <./pictures/batt_1b_analisi_1_1.png (PNG copy)> <./pictures/batt_1b_analis
i_2_1.png (PNG copy)> <./pictures/batt_1b_analisi_1_2.png (PNG copy)> <./pictur
es/batt_1b_analisi_2_2.png (PNG copy)> <./pictures/batt_1b_analisi_1_3.png (PNG
 copy)> <./pictures/batt_1b_analisi_2_3.png (PNG copy)> <./pictures/batt_1b_ana
lisi_1_4.png (PNG copy)> <./pictures/batt_1b_analisi_2_4.png (PNG copy)>]
<./pictures/batt_1b_analisi_1_6.png, id=460, 393.47pt x 401.5pt>
File: ./pictures/batt_1b_analisi_1_6.png Graphic file (type png)
<use ./pictures/batt_1b_analisi_1_6.png>
Package pdftex.def Info: ./pictures/batt_1b_analisi_1_6.png  used on input line
 225.
(pdftex.def)             Requested size: 131.16634pt x 133.84424pt.
<./pictures/batt_1b_analisi_2_6.png, id=461, 762.85pt x 401.5pt>
File: ./pictures/batt_1b_analisi_2_6.png Graphic file (type png)
<use ./pictures/batt_1b_analisi_2_6.png>
Package pdftex.def Info: ./pictures/batt_1b_analisi_2_6.png  used on input line
 226.
(pdftex.def)             Requested size: 254.30211pt x 133.84424pt.
<./pictures/batt_1b_analisi_1_7.png, id=462, 393.47pt x 401.5pt>
File: ./pictures/batt_1b_analisi_1_7.png Graphic file (type png)
<use ./pictures/batt_1b_analisi_1_7.png>
Package pdftex.def Info: ./pictures/batt_1b_analisi_1_7.png  used on input line
 232.
(pdftex.def)             Requested size: 131.16634pt x 133.84424pt.
<./pictures/batt_1b_analisi_2_7.png, id=463, 762.85pt x 401.5pt>
File: ./pictures/batt_1b_analisi_2_7.png Graphic file (type png)
<use ./pictures/batt_1b_analisi_2_7.png>
Package pdftex.def Info: ./pictures/batt_1b_analisi_2_7.png  used on input line
 233.
(pdftex.def)             Requested size: 254.30211pt x 133.84424pt.
<./pictures/batt_1b_analisi_1_8.png, id=464, 393.47pt x 401.5pt>
File: ./pictures/batt_1b_analisi_1_8.png Graphic file (type png)
<use ./pictures/batt_1b_analisi_1_8.png>
Package pdftex.def Info: ./pictures/batt_1b_analisi_1_8.png  used on input line
 239.
(pdftex.def)             Requested size: 131.16634pt x 133.84424pt.
<./pictures/batt_1b_analisi_2_8.png, id=465, 762.85pt x 401.5pt>
File: ./pictures/batt_1b_analisi_2_8.png Graphic file (type png)
<use ./pictures/batt_1b_analisi_2_8.png>
Package pdftex.def Info: ./pictures/batt_1b_analisi_2_8.png  used on input line
 240.
(pdftex.def)             Requested size: 254.30211pt x 133.84424pt.
 [21 <./pictures/batt_1b_analisi_1_5.png (PNG copy)> <./pictures/batt_1b_analis
i_2_5.png (PNG copy)> <./pictures/batt_1b_analisi_1_6.png> <./pictures/batt_1b_
analisi_2_6.png> <./pictures/batt_1b_analisi_1_7.png> <./pictures/batt_1b_anali
si_2_7.png>]
Underfull \hbox (badness 10000) in paragraph at lines 252--253

 []

<./pictures/batt_2_analisi_1.png, id=475, 1129.21875pt x 752.8125pt>
File: ./pictures/batt_2_analisi_1.png Graphic file (type png)
<use ./pictures/batt_2_analisi_1.png>
Package pdftex.def Info: ./pictures/batt_2_analisi_1.png  used on input line 25
6.
(pdftex.def)             Requested size: 188.21288pt x 125.47226pt.
<./pictures/batt_2_analisi_2.png, id=476, 1129.21875pt x 752.8125pt>
File: ./pictures/batt_2_analisi_2.png Graphic file (type png)
<use ./pictures/batt_2_analisi_2.png>
Package pdftex.def Info: ./pictures/batt_2_analisi_2.png  used on input line 25
7.
(pdftex.def)             Requested size: 188.21288pt x 125.47226pt.

Underfull \hbox (badness 10000) in paragraph at lines 261--264

 []


Underfull \hbox (badness 10000) in paragraph at lines 261--264

 []

[22 <./pictures/batt_1b_analisi_1_8.png> <./pictures/batt_1b_analisi_2_8.png> <
./pictures/batt_2_analisi_1.png (PNG copy)> <./pictures/batt_2_analisi_2.png (P
NG copy)>]
<./pictures/batt_2_analisi_3.png, id=483, 1095.6132pt x 557.9244pt>
File: ./pictures/batt_2_analisi_3.png Graphic file (type png)
<use ./pictures/batt_2_analisi_3.png>
Package pdftex.def Info: ./pictures/batt_2_analisi_3.png  used on input line 26
7.
(pdftex.def)             Requested size: 376.42575pt x 191.68387pt.
<./pictures/batt_2_analisi_4.png, id=484, 1095.6132pt x 557.9244pt>
File: ./pictures/batt_2_analisi_4.png Graphic file (type png)
<use ./pictures/batt_2_analisi_4.png>
Package pdftex.def Info: ./pictures/batt_2_analisi_4.png  used on input line 27
3.
(pdftex.def)             Requested size: 376.42575pt x 191.68387pt.

Underfull \hbox (badness 10000) in paragraph at lines 277--286

 []


Underfull \hbox (badness 10000) in paragraph at lines 277--286

 []


Underfull \hbox (badness 10000) in paragraph at lines 277--286

 []


Underfull \hbox (badness 10000) in paragraph at lines 277--286

 []


Underfull \hbox (badness 10000) in paragraph at lines 277--286

 []

[23 <./pictures/batt_2_analisi_3.png (PNG copy)> <./pictures/batt_2_analisi_4.p
ng (PNG copy)>]
<./pictures/batt_2_analisi_5.png, id=494, 1095.6132pt x 557.9244pt>
File: ./pictures/batt_2_analisi_5.png Graphic file (type png)
<use ./pictures/batt_2_analisi_5.png>
Package pdftex.def Info: ./pictures/batt_2_analisi_5.png  used on input line 28
9.
(pdftex.def)             Requested size: 376.42575pt x 191.68387pt.
<./pictures/batt_2_analisi_6.png, id=495, 1095.6132pt x 557.9244pt>
File: ./pictures/batt_2_analisi_6.png Graphic file (type png)
<use ./pictures/batt_2_analisi_6.png>
Package pdftex.def Info: ./pictures/batt_2_analisi_6.png  used on input line 29
5.
(pdftex.def)             Requested size: 376.42575pt x 191.68387pt.
 [24 <./pictures/batt_2_analisi_5.png (PNG copy)>]
<./pictures/batt_2_analisi_7.png, id=501, 1095.6132pt x 557.9244pt>
File: ./pictures/batt_2_analisi_7.png Graphic file (type png)
<use ./pictures/batt_2_analisi_7.png>
Package pdftex.def Info: ./pictures/batt_2_analisi_7.png  used on input line 30
1.
(pdftex.def)             Requested size: 376.42575pt x 191.68387pt.

Underfull \hbox (badness 10000) in paragraph at lines 305--308

 []

[25 <./pictures/batt_2_analisi_6.png (PNG copy)> <./pictures/batt_2_analisi_7.p
ng (PNG copy)>]
Underfull \hbox (badness 10000) in paragraph at lines 317--322

 []


Underfull \hbox (badness 10000) in paragraph at lines 317--322

 []


Underfull \hbox (badness 10000) in paragraph at lines 317--322

 []

<./pictures/batt_2_analisi_8.png, id=508, 1095.6132pt x 557.9244pt>
File: ./pictures/batt_2_analisi_8.png Graphic file (type png)
<use ./pictures/batt_2_analisi_8.png>
Package pdftex.def Info: ./pictures/batt_2_analisi_8.png  used on input line 32
5.
(pdftex.def)             Requested size: 376.42575pt x 191.68387pt.
<./pictures/batt_2_analisi_9.png, id=509, 1095.6132pt x 557.9244pt>
File: ./pictures/batt_2_analisi_9.png Graphic file (type png)
<use ./pictures/batt_2_analisi_9.png>
Package pdftex.def Info: ./pictures/batt_2_analisi_9.png  used on input line 33
1.
(pdftex.def)             Requested size: 376.42575pt x 191.68387pt.
[26 <./pictures/batt_2_analisi_8.png (PNG copy)>]
Underfull \hbox (badness 10000) in paragraph at lines 335--338

 []


Underfull \hbox (badness 10000) in paragraph at lines 335--338

 []

<./pictures/batt_2_analisi_10.png, id=515, 1095.6132pt x 557.9244pt>
File: ./pictures/batt_2_analisi_10.png Graphic file (type png)
<use ./pictures/batt_2_analisi_10.png>
Package pdftex.def Info: ./pictures/batt_2_analisi_10.png  used on input line 3
41.
(pdftex.def)             Requested size: 376.42575pt x 191.68387pt.
<./pictures/battistrada.png, id=516, 541.27219pt x 606.76688pt>
File: ./pictures/battistrada.png Graphic file (type png)
<use ./pictures/battistrada.png>
Package pdftex.def Info: ./pictures/battistrada.png  used on input line 347.
(pdftex.def)             Requested size: 209.12683pt x 234.42534pt.
[27 <./pictures/batt_2_analisi_9.png (PNG copy)> <./pictures/batt_2_analisi_10.
png (PNG copy)>]
<./pictures/battistrada_maxr_maxl_0.3.png, id=521, 392.21532pt x 606.76688pt>
File: ./pictures/battistrada_maxr_maxl_0.3.png Graphic file (type png)
<use ./pictures/battistrada_maxr_maxl_0.3.png>
Package pdftex.def Info: ./pictures/battistrada_maxr_maxl_0.3.png  used on inpu
t line 353.
(pdftex.def)             Requested size: 162.22171pt x 250.95476pt.
<./pictures/battistrada_maxr_min_maxl_0.3.png, id=522, 392.21532pt x 606.76688p
t>
File: ./pictures/battistrada_maxr_min_maxl_0.3.png Graphic file (type png)
<use ./pictures/battistrada_maxr_min_maxl_0.3.png>
Package pdftex.def Info: ./pictures/battistrada_maxr_min_maxl_0.3.png  used on 
input line 355.
(pdftex.def)             Requested size: 162.22171pt x 250.95476pt.
 [28 <./pictures/battistrada.png (PNG copy)> <./pictures/battistrada_maxr_maxl_
0.3.png (PNG copy)> <./pictures/battistrada_maxr_min_maxl_0.3.png (PNG copy)>]
Underfull \hbox (badness 10000) in paragraph at lines 368--372

 []


Underfull \hbox (badness 10000) in paragraph at lines 368--372

 []

) [29]
\openout2 = `"chapters/Applicazione desktop.aux"'.

 (chapters/Applicazione desktop.tex
Capitolo 4.

Underfull \hbox (badness 10000) in paragraph at lines 8--17

 []


Underfull \hbox (badness 10000) in paragraph at lines 8--17

 []


Underfull \hbox (badness 10000) in paragraph at lines 8--17

 []


Underfull \hbox (badness 10000) in paragraph at lines 8--17

 []

[30





]
<./pictures/gui_1.png, id=539, 1385.175pt x 903.375pt>
File: ./pictures/gui_1.png Graphic file (type png)
<use ./pictures/gui_1.png>
Package pdftex.def Info: ./pictures/gui_1.png  used on input line 33.
(pdftex.def)             Requested size: 418.25368pt x 272.76521pt.
 [31 <./pictures/gui_1.png (PNG copy)>]
Underfull \hbox (badness 10000) in paragraph at lines 55--58

 []

[32]
<./pictures/gui_3.png, id=548, 1284.8pt x 803.0pt>
File: ./pictures/gui_3.png Graphic file (type png)
<use ./pictures/gui_3.png>
Package pdftex.def Info: ./pictures/gui_3.png  used on input line 80.
(pdftex.def)             Requested size: 376.42575pt x 235.26558pt.
<./pictures/gui_4.png, id=552, 1284.8pt x 803.0pt>
File: ./pictures/gui_4.png Graphic file (type png)
<use ./pictures/gui_4.png>
Package pdftex.def Info: ./pictures/gui_4.png  used on input line 88.
(pdftex.def)             Requested size: 376.42575pt x 235.26558pt.
 [33 <./pictures/gui_3.png (PNG copy)>]
<./pictures/gui_5.png, id=557, 1284.8pt x 803.0pt>
File: ./pictures/gui_5.png Graphic file (type png)
<use ./pictures/gui_5.png>
Package pdftex.def Info: ./pictures/gui_5.png  used on input line 94.
(pdftex.def)             Requested size: 376.42575pt x 235.26558pt.
<./pictures/gui_6.png, id=558, 1284.8pt x 803.0pt>
File: ./pictures/gui_6.png Graphic file (type png)
<use ./pictures/gui_6.png>
Package pdftex.def Info: ./pictures/gui_6.png  used on input line 100.
(pdftex.def)             Requested size: 376.42575pt x 235.26558pt.
 [34 <./pictures/gui_4.png (PNG copy)> <./pictures/gui_5.png (PNG copy)>]
<./pictures/gui_7.png, id=563, 1284.8pt x 803.0pt>
File: ./pictures/gui_7.png Graphic file (type png)
<use ./pictures/gui_7.png>
Package pdftex.def Info: ./pictures/gui_7.png  used on input line 106.
(pdftex.def)             Requested size: 376.42575pt x 235.26558pt.
) [35 <./pictures/gui_6.png (PNG copy)> <./pictures/gui_7.png (PNG copy)>]
\openout2 = `chapters/Conclusioni.aux'.

 (chapters/Conclusioni.tex
Capitolo 5.

Underfull \hbox (badness 10000) in paragraph at lines 8--11

 []


Underfull \hbox (badness 10000) in paragraph at lines 43--44

 []

[36





]
<./pictures/gocator_conveyor_1.jpg, id=575, 536.0025pt x 803.0pt>
File: ./pictures/gocator_conveyor_1.jpg Graphic file (type jpg)
<use ./pictures/gocator_conveyor_1.jpg>
Package pdftex.def Info: ./pictures/gocator_conveyor_1.jpg  used on input line 
47.
(pdftex.def)             Requested size: 167.2989pt x 250.63057pt.
<./pictures/gocator_conveyor_2.jpg, id=576, 536.0025pt x 803.0pt>
File: ./pictures/gocator_conveyor_2.jpg Graphic file (type jpg)
<use ./pictures/gocator_conveyor_2.jpg>
Package pdftex.def Info: ./pictures/gocator_conveyor_2.jpg  used on input line 
49.
(pdftex.def)             Requested size: 167.2989pt x 250.63057pt.

Underfull \hbox (badness 10000) in paragraph at lines 54--57

 []

) [37 <./pictures/gocator_conveyor_1.jpg> <./pictures/gocator_conveyor_2.jpg>]
[38




]
Overfull \hbox (33.96915pt too wide) in paragraph at lines 197--197
\OT1/cmr/m/sc/10.95 doi\OT1/cmr/m/n/10.95 : []$\OT1/cmtt/m/n/10.95 10 . 1177 / 
1687814019837828$[]\OT1/cmr/m/n/10.95 . \OT1/cmr/m/sc/10.95 url\OT1/cmr/m/n/10.
95 : []$\OT1/cmtt/m/n/10.95 https : / / doi . org / 10 . 1177 / 168781401983782
8$[]\OT1/cmr/m/n/10.95 . 
 []

[39] (main.aux (frontespizio.aux) (chapters/Introduzione.aux)
(chapters/Gocator.aux) (chapters/Analisi.aux)
(chapters/Applicazione desktop.aux) (chapters/Conclusioni.aux))

LaTeX Font Warning: Some font shapes were not available, defaults substituted.

Package rerunfilecheck Info: File `main.out' has not changed.
(rerunfilecheck)             Checksum: 95CAB95CD8EF14DFCA621B4DBF7DF7E7;3790.
Package logreq Info: Writing requests to 'main.run.xml'.
\openout1 = `main.run.xml'.

 ) 
Here is how much of TeX's memory you used:
 25729 strings out of 479334
 434124 string characters out of 2855659
 1193355 words of memory out of 3000000
 42532 multiletter control sequences out of 15000+200000
 422066 words of font info for 96 fonts, out of 3000000 for 9000
 1142 hyphenation exceptions out of 8191
 83i,8n,88p,1151b,1537s stack positions out of 5000i,500n,10000p,200000b,50000s
 <C:\Users\Gabriele\AppData\Local\MiKTeX\fonts/pk/ljfour/jknappen/ec/dpi600\t
crm1200.pk><C:/Users/Gabriele/AppData/Local/Programs/MiKTeX/fonts/type1/public/
amsfonts/cm/cmbx12.pfb><C:/Users/Gabriele/AppData/Local/Programs/MiKTeX/fonts/t
ype1/public/amsfonts/cm/cmcsc10.pfb><C:/Users/Gabriele/AppData/Local/Programs/M
iKTeX/fonts/type1/public/amsfonts/cm/cmmi12.pfb><C:/Users/Gabriele/AppData/Loca
l/Programs/MiKTeX/fonts/type1/public/amsfonts/cm/cmr10.pfb><C:/Users/Gabriele/A
ppData/Local/Programs/MiKTeX/fonts/type1/public/amsfonts/cm/cmr12.pfb><C:/Users
/Gabriele/AppData/Local/Programs/MiKTeX/fonts/type1/public/amsfonts/cm/cmr6.pfb
><C:/Users/Gabriele/AppData/Local/Programs/MiKTeX/fonts/type1/public/amsfonts/c
m/cmr8.pfb><C:/Users/Gabriele/AppData/Local/Programs/MiKTeX/fonts/type1/public/
amsfonts/cm/cmsy10.pfb><C:/Users/Gabriele/AppData/Local/Programs/MiKTeX/fonts/t
ype1/public/amsfonts/cm/cmsy6.pfb><C:/Users/Gabriele/AppData/Local/Programs/MiK
TeX/fonts/type1/public/amsfonts/cm/cmti10.pfb><C:/Users/Gabriele/AppData/Local/
Programs/MiKTeX/fonts/type1/public/amsfonts/cm/cmti12.pfb><C:/Users/Gabriele/Ap
pData/Local/Programs/MiKTeX/fonts/type1/public/amsfonts/cm/cmti8.pfb><C:/Users/
Gabriele/AppData/Local/Programs/MiKTeX/fonts/type1/public/amsfonts/cm/cmtt10.pf
b>
Output written on main.pdf (46 pages, 18433757 bytes).
PDF statistics:
 727 PDF objects out of 1000 (max. 8388607)
 143 named destinations out of 1000 (max. 500000)
 548 words of extra memory for PDF output out of 10000 (max. 10000000)

