\BOOKMARK [0][-]{chapter*.1}{\376\377\000I\000n\000d\000i\000c\000e}{}% 1
\BOOKMARK [0][-]{chapter*.2}{\376\377\000E\000l\000e\000n\000c\000o\000\040\000d\000e\000l\000l\000e\000\040\000f\000i\000g\000u\000r\000e}{}% 2
\BOOKMARK [0][-]{chapter.1}{\376\377\000I\000n\000t\000r\000o\000d\000u\000z\000i\000o\000n\000e}{}% 3
\BOOKMARK [0][-]{chapter.2}{\376\377\000G\000o\000c\000a\000t\000o\000r}{}% 4
\BOOKMARK [1][-]{section.2.1}{\376\377\000S\000e\000t\000t\000a\000g\000g\000i}{chapter.2}% 5
\BOOKMARK [2][-]{subsection.2.1.1}{\376\377\000A\000r\000e\000a\000\040\000A\000t\000t\000i\000v\000a}{section.2.1}% 6
\BOOKMARK [2][-]{subsection.2.1.2}{\376\377\000T\000r\000a\000s\000f\000o\000r\000m\000a\000z\000i\000o\000n\000i}{section.2.1}% 7
\BOOKMARK [2][-]{subsection.2.1.3}{\376\377\000E\000s\000p\000o\000s\000i\000z\000i\000o\000n\000e}{section.2.1}% 8
\BOOKMARK [2][-]{subsection.2.1.4}{\376\377\000F\000i\000l\000t\000r\000i}{section.2.1}% 9
\BOOKMARK [1][-]{section.2.2}{\376\377\000M\000e\000t\000o\000d\000i\000\040\000d\000i\000\040\000s\000c\000a\000n\000s\000i\000o\000n\000e}{chapter.2}% 10
\BOOKMARK [2][-]{subsection.2.2.1}{\376\377\000M\000o\000d\000a\000l\000i\000t\000\340\000\040\000a\000c\000q\000u\000i\000s\000i\000z\000i\000o\000n\000e\000\040\000s\000u\000p\000e\000r\000f\000i\000c\000i\000e}{section.2.2}% 11
\BOOKMARK [2][-]{subsection.2.2.2}{\376\377\000M\000o\000d\000a\000l\000i\000t\000\340\000\040\000a\000c\000q\000u\000i\000s\000i\000z\000i\000o\000n\000e\000\040\000i\000n\000t\000e\000n\000s\000i\000t\000\340}{section.2.2}% 12
\BOOKMARK [0][-]{chapter.3}{\376\377\000A\000n\000a\000l\000i\000s\000i}{}% 13
\BOOKMARK [1][-]{section.3.1}{\376\377\000P\000r\000o\000d\000o\000t\000t\000i}{chapter.3}% 14
\BOOKMARK [1][-]{section.3.2}{\376\377\000L\000i\000b\000r\000e\000r\000i\000e\000\040\000d\000i\000\040\000s\000u\000p\000p\000o\000r\000t\000o}{chapter.3}% 15
\BOOKMARK [1][-]{section.3.3}{\376\377\000A\000l\000g\000o\000r\000i\000t\000m\000i\000\040\000d\000i\000\040\000a\000n\000a\000l\000i\000s\000i}{chapter.3}% 16
\BOOKMARK [2][-]{subsection.3.3.1}{\376\377\000B\000a\000t\000t\000i\000s\000t\000r\000a\000d\000a\000\040\000d\000i\000\040\000t\000i\000p\000o\000\040\0001\000A\000/\0001\000B}{section.3.3}% 17
\BOOKMARK [2][-]{subsection.3.3.2}{\376\377\000B\000a\000t\000t\000i\000s\000t\000r\000a\000d\000a\000\040\000d\000i\000\040\000t\000i\000p\000o\000\040\0002}{section.3.3}% 18
\BOOKMARK [0][-]{chapter.4}{\376\377\000A\000p\000p\000l\000i\000c\000a\000z\000i\000o\000n\000e\000\040\000d\000e\000s\000k\000t\000o\000p}{}% 19
\BOOKMARK [1][-]{section.4.1}{\376\377\000S\000v\000i\000l\000u\000p\000p\000o\000\040\000a\000p\000p\000l\000i\000c\000a\000z\000i\000o\000n\000e\000\040\000d\000e\000s\000k\000t\000o\000p}{chapter.4}% 20
\BOOKMARK [1][-]{section.4.2}{\376\377\000I\000n\000t\000e\000r\000f\000a\000c\000c\000i\000a\000\040\000g\000r\000a\000f\000i\000c\000a}{chapter.4}% 21
\BOOKMARK [0][-]{chapter.5}{\376\377\000C\000o\000n\000c\000l\000u\000s\000i\000o\000n\000i}{}% 22
\BOOKMARK [1][-]{section.5.1}{\376\377\000R\000i\000s\000u\000l\000t\000a\000t\000i\000\040\000o\000t\000t\000e\000n\000u\000t\000i}{chapter.5}% 23
\BOOKMARK [1][-]{section.5.2}{\376\377\000C\000o\000n\000c\000l\000u\000s\000i\000o\000n\000i}{chapter.5}% 24
\BOOKMARK [1][-]{section.5.3}{\376\377\000F\000u\000t\000u\000r\000e\000\040\000w\000o\000r\000k}{chapter.5}% 25
\BOOKMARK [0][-]{section.5.3}{\376\377\000B\000i\000b\000l\000i\000o\000g\000r\000a\000f\000i\000a}{}% 26
